[debug] [2026-01-27T03:02:11.205Z] ----------------------------------------------------------------------
[debug] [2026-01-27T03:02:11.210Z] Command:       /Users/zeospec/.nvm/versions/node/v24.12.0/bin/node /Users/zeospec/.npm-global/bin/firebase deploy --only functions
[debug] [2026-01-27T03:02:11.210Z] CLI Version:   15.1.0
[debug] [2026-01-27T03:02:11.211Z] Platform:      darwin
[debug] [2026-01-27T03:02:11.211Z] Node Version:  v24.12.0
[debug] [2026-01-27T03:02:11.211Z] Time:          Tue Jan 27 2026 08:32:11 GMT+0530 (India Standard Time)
[debug] [2026-01-27T03:02:11.211Z] ----------------------------------------------------------------------
[debug] 
[debug] [2026-01-27T03:02:13.524Z] > command requires scopes: ["email","openid","https://www.googleapis.com/auth/cloudplatformprojects.readonly","https://www.googleapis.com/auth/firebase","https://www.googleapis.com/auth/cloud-platform"]
[debug] [2026-01-27T03:02:13.524Z] > authorizing via signed-in user (www.aruntejathefriend@gmail.com)
[debug] [2026-01-27T03:02:13.524Z] [iam] checking project rzi2026chennai for permissions ["cloudfunctions.functions.create","cloudfunctions.functions.delete","cloudfunctions.functions.get","cloudfunctions.functions.list","cloudfunctions.functions.update","cloudfunctions.operations.get","firebase.projects.get"]
[debug] [2026-01-27T03:02:13.526Z] Checked if tokens are valid: true, expires at: 1769485221508
[debug] [2026-01-27T03:02:13.526Z] Checked if tokens are valid: true, expires at: 1769485221508
[debug] [2026-01-27T03:02:13.527Z] >>> [apiv2][query] POST https://cloudresourcemanager.googleapis.com/v1/projects/rzi2026chennai:testIamPermissions [none]
[debug] [2026-01-27T03:02:13.528Z] >>> [apiv2][(partial)header] POST https://cloudresourcemanager.googleapis.com/v1/projects/rzi2026chennai:testIamPermissions x-goog-quota-user=projects/rzi2026chennai
[debug] [2026-01-27T03:02:13.528Z] >>> [apiv2][body] POST https://cloudresourcemanager.googleapis.com/v1/projects/rzi2026chennai:testIamPermissions {"permissions":["cloudfunctions.functions.create","cloudfunctions.functions.delete","cloudfunctions.functions.get","cloudfunctions.functions.list","cloudfunctions.functions.update","cloudfunctions.operations.get","firebase.projects.get"]}
[debug] [2026-01-27T03:02:14.335Z] <<< [apiv2][status] POST https://cloudresourcemanager.googleapis.com/v1/projects/rzi2026chennai:testIamPermissions 200
[debug] [2026-01-27T03:02:14.335Z] <<< [apiv2][body] POST https://cloudresourcemanager.googleapis.com/v1/projects/rzi2026chennai:testIamPermissions {"permissions":["cloudfunctions.functions.create","cloudfunctions.functions.delete","cloudfunctions.functions.get","cloudfunctions.functions.list","cloudfunctions.functions.update","cloudfunctions.operations.get","firebase.projects.get"]}
[debug] [2026-01-27T03:02:14.336Z] Checked if tokens are valid: true, expires at: 1769485221508
[debug] [2026-01-27T03:02:14.336Z] Checked if tokens are valid: true, expires at: 1769485221508
[debug] [2026-01-27T03:02:14.336Z] >>> [apiv2][query] POST https://iam.googleapis.com/v1/projects/rzi2026chennai/serviceAccounts/rzi2026chennai@appspot.gserviceaccount.com:testIamPermissions [none]
[debug] [2026-01-27T03:02:14.336Z] >>> [apiv2][body] POST https://iam.googleapis.com/v1/projects/rzi2026chennai/serviceAccounts/rzi2026chennai@appspot.gserviceaccount.com:testIamPermissions {"permissions":["iam.serviceAccounts.actAs"]}
[debug] [2026-01-27T03:02:14.951Z] <<< [apiv2][status] POST https://iam.googleapis.com/v1/projects/rzi2026chennai/serviceAccounts/rzi2026chennai@appspot.gserviceaccount.com:testIamPermissions 404
[debug] [2026-01-27T03:02:14.951Z] <<< [apiv2][body] POST https://iam.googleapis.com/v1/projects/rzi2026chennai/serviceAccounts/rzi2026chennai@appspot.gserviceaccount.com:testIamPermissions {"error":{"code":404,"message":"Unknown service account","status":"NOT_FOUND"}}
[debug] [2026-01-27T03:02:14.951Z] [functions] service account IAM check errored, deploy may fail: Request to https://iam.googleapis.com/v1/projects/rzi2026chennai/serviceAccounts/rzi2026chennai@appspot.gserviceaccount.com:testIamPermissions had HTTP Error: 404, Unknown service account {"name":"FirebaseError","children":[],"context":{"body":{"error":{"code":404,"message":"Unknown service account","status":"NOT_FOUND"}},"response":{"statusCode":404}},"exit":1,"message":"Request to https://iam.googleapis.com/v1/projects/rzi2026chennai/serviceAccounts/rzi2026chennai@appspot.gserviceaccount.com:testIamPermissions had HTTP Error: 404, Unknown service account","status":404}
[info] 
[info] === Deploying to 'rzi2026chennai'...
[info] 
[info] i  deploying functions 
[debug] [2026-01-27T03:02:14.955Z] Checked if tokens are valid: true, expires at: 1769485221508
[debug] [2026-01-27T03:02:14.955Z] Checked if tokens are valid: true, expires at: 1769485221508
[debug] [2026-01-27T03:02:14.955Z] >>> [apiv2][query] GET https://cloudresourcemanager.googleapis.com/v1/projects/rzi2026chennai [none]
[debug] [2026-01-27T03:02:15.301Z] <<< [apiv2][status] GET https://cloudresourcemanager.googleapis.com/v1/projects/rzi2026chennai 200
[debug] [2026-01-27T03:02:15.301Z] <<< [apiv2][body] GET https://cloudresourcemanager.googleapis.com/v1/projects/rzi2026chennai {"projectNumber":"122606728262","projectId":"rzi2026chennai","lifecycleState":"ACTIVE","name":"RZI 2026 Chennai","labels":{"firebase":"enabled","firebase-core":"disabled"},"createTime":"2026-01-10T11:01:58.428487Z"}
[info] i  functions: preparing codebase default for deployment 
[info] i  functions: ensuring required API cloudfunctions.googleapis.com is enabled... 
[info] i  functions: ensuring required API cloudbuild.googleapis.com is enabled... 
[info] i  artifactregistry: ensuring required API artifactregistry.googleapis.com is enabled... 
[debug] [2026-01-27T03:02:15.310Z] Checked if tokens are valid: true, expires at: 1769485221508
[debug] [2026-01-27T03:02:15.310Z] Checked if tokens are valid: true, expires at: 1769485221508
[debug] [2026-01-27T03:02:15.310Z] >>> [apiv2][query] GET https://firebase.googleapis.com/v1beta1/projects/rzi2026chennai/adminSdkConfig [none]
[debug] [2026-01-27T03:02:16.284Z] <<< [apiv2][status] GET https://firebase.googleapis.com/v1beta1/projects/rzi2026chennai/adminSdkConfig 200
[debug] [2026-01-27T03:02:16.284Z] <<< [apiv2][body] GET https://firebase.googleapis.com/v1beta1/projects/rzi2026chennai/adminSdkConfig {"projectId":"rzi2026chennai","databaseURL":"https://rzi2026chennai-default-rtdb.asia-southeast1.firebasedatabase.app","storageBucket":"rzi2026chennai.firebasestorage.app"}
[debug] [2026-01-27T03:02:16.284Z] Checked if tokens are valid: true, expires at: 1769485221508
[debug] [2026-01-27T03:02:16.285Z] Checked if tokens are valid: true, expires at: 1769485221508
[debug] [2026-01-27T03:02:16.285Z] >>> [apiv2][query] GET https://runtimeconfig.googleapis.com/v1beta1/projects/rzi2026chennai/configs [none]
[debug] [2026-01-27T03:02:16.934Z] <<< [apiv2][status] GET https://runtimeconfig.googleapis.com/v1beta1/projects/rzi2026chennai/configs 200
[debug] [2026-01-27T03:02:16.935Z] <<< [apiv2][body] GET https://runtimeconfig.googleapis.com/v1beta1/projects/rzi2026chennai/configs {}
[debug] [2026-01-27T03:02:16.936Z] Validating nodejs source
[warn] ⚠  functions: package.json indicates an outdated version of firebase-functions. Please upgrade using npm install --save firebase-functions@latest in your functions directory. 
[warn] ⚠  functions: Please note that there will be breaking changes when you upgrade. 
[debug] [2026-01-27T03:02:18.240Z] > [functions] package.json contents: {
  "name": "functions",
  "description": "Cloud Functions for Rotaract Zone Institute App",
  "scripts": {
    "lint": "eslint .",
    "serve": "firebase emulators:start --only functions",
    "shell": "firebase functions:shell",
    "start": "npm run shell",
    "deploy": "firebase deploy --only functions",
    "logs": "firebase functions:log"
  },
  "engines": {
    "node": "20"
  },
  "main": "index.js",
  "dependencies": {
    "firebase-admin": "^12.0.0",
    "firebase-functions": "^4.5.0"
  },
  "devDependencies": {
    "eslint": "^8.15.0",
    "eslint-config-google": "^0.14.0"
  },
  "private": true
}
[debug] [2026-01-27T03:02:18.240Z] Building nodejs source
[info] i  functions: Loading and analyzing source code for codebase default to determine what to deploy 
[info] i  functions: You are using a version of firebase-functions SDK (4.9.0) that does not have support for the newest Firebase Extensions features. Please update firebase-functions SDK to >=5.1.0 to use them correctly 
[debug] [2026-01-27T03:02:18.241Z] Could not find functions.yaml. Must use http discovery
[debug] [2026-01-27T03:02:18.251Z] Found firebase-functions binary at '/Users/zeospec/Documents/code/BoardingPassRZI2026/functions/node_modules/.bin/firebase-functions'
[info] Serving at port 8617

[debug] [2026-01-27T03:02:19.259Z] Got response from /__/functions.yaml {"endpoints":{"updateAttendeeDirectory":{"availableMemoryMb":null,"timeoutSeconds":null,"minInstances":null,"maxInstances":null,"ingressSettings":null,"concurrency":null,"serviceAccountEmail":null,"vpc":null,"platform":"gcfv2","region":["us-central1"],"labels":{},"callableTrigger":{},"entryPoint":"updateAttendeeDirectory"},"checkCacheHealth":{"availableMemoryMb":null,"timeoutSeconds":null,"minInstances":null,"maxInstances":null,"ingressSettings":null,"concurrency":null,"serviceAccountEmail":null,"vpc":null,"platform":"gcfv2","region":["us-central1"],"labels":{},"callableTrigger":{},"entryPoint":"checkCacheHealth"},"scheduledCacheRefresh":{"availableMemoryMb":null,"timeoutSeconds":null,"minInstances":null,"maxInstances":null,"ingressSettings":null,"concurrency":null,"serviceAccountEmail":null,"vpc":null,"platform":"gcfv2","region":["us-central1"],"labels":{},"scheduleTrigger":{"schedule":"*/15 * * * *","retryConfig":{},"timeZone":"UTC"},"entryPoint":"scheduledCacheRefresh"},"onUserUpdate":{"availableMemoryMb":null,"timeoutSeconds":null,"minInstances":null,"maxInstances":null,"ingressSettings":null,"concurrency":null,"serviceAccountEmail":null,"vpc":null,"platform":"gcfv2","region":["us-central1"],"labels":{},"eventTrigger":{"eventType":"google.cloud.firestore.document.v1.updated","eventFilters":{"database":"(default)","namespace":"(default)"},"eventFilterPathPatterns":{"document":"users/{uid}"},"retry":false},"entryPoint":"onUserUpdate"},"onUserCreate":{"availableMemoryMb":null,"timeoutSeconds":null,"minInstances":null,"maxInstances":null,"ingressSettings":null,"concurrency":null,"serviceAccountEmail":null,"vpc":null,"platform":"gcfv2","region":["us-central1"],"labels":{},"eventTrigger":{"eventType":"google.cloud.firestore.document.v1.created","eventFilters":{"database":"(default)","namespace":"(default)"},"eventFilterPathPatterns":{"document":"users/{uid}"},"retry":false},"entryPoint":"onUserCreate"},"onPendingUserCreate":{"availableMemoryMb":null,"timeoutSeconds":null,"minInstances":null,"maxInstances":null,"ingressSettings":null,"concurrency":null,"serviceAccountEmail":null,"vpc":null,"platform":"gcfv2","region":["us-central1"],"labels":{},"eventTrigger":{"eventType":"google.cloud.firestore.document.v1.created","eventFilters":{"database":"(default)","namespace":"(default)"},"eventFilterPathPatterns":{"document":"pendingUsers/{email}"},"retry":false},"entryPoint":"onPendingUserCreate"},"onPendingUserUpdate":{"availableMemoryMb":null,"timeoutSeconds":null,"minInstances":null,"maxInstances":null,"ingressSettings":null,"concurrency":null,"serviceAccountEmail":null,"vpc":null,"platform":"gcfv2","region":["us-central1"],"labels":{},"eventTrigger":{"eventType":"google.cloud.firestore.document.v1.updated","eventFilters":{"database":"(default)","namespace":"(default)"},"eventFilterPathPatterns":{"document":"pendingUsers/{email}"},"retry":false},"entryPoint":"onPendingUserUpdate"},"onPendingUserDelete":{"availableMemoryMb":null,"timeoutSeconds":null,"minInstances":null,"maxInstances":null,"ingressSettings":null,"concurrency":null,"serviceAccountEmail":null,"vpc":null,"platform":"gcfv2","region":["us-central1"],"labels":{},"eventTrigger":{"eventType":"google.cloud.firestore.document.v1.deleted","eventFilters":{"database":"(default)","namespace":"(default)"},"eventFilterPathPatterns":{"document":"pendingUsers/{email}"},"retry":false},"entryPoint":"onPendingUserDelete"},"onAdminCreate":{"availableMemoryMb":null,"timeoutSeconds":null,"minInstances":null,"maxInstances":null,"ingressSettings":null,"concurrency":null,"serviceAccountEmail":null,"vpc":null,"platform":"gcfv2","region":["us-central1"],"labels":{},"eventTrigger":{"eventType":"google.cloud.firestore.document.v1.created","eventFilters":{"database":"(default)","namespace":"(default)"},"eventFilterPathPatterns":{"document":"admins/{uid}"},"retry":false},"entryPoint":"onAdminCreate"},"onAdminUpdate":{"availableMemoryMb":null,"timeoutSeconds":null,"minInstances":null,"maxInstances":null,"ingressSettings":null,"concurrency":null,"serviceAccountEmail":null,"vpc":null,"platform":"gcfv2","region":["us-central1"],"labels":{},"eventTrigger":{"eventType":"google.cloud.firestore.document.v1.updated","eventFilters":{"database":"(default)","namespace":"(default)"},"eventFilterPathPatterns":{"document":"admins/{uid}"},"retry":false},"entryPoint":"onAdminUpdate"},"onAdminDelete":{"availableMemoryMb":null,"timeoutSeconds":null,"minInstances":null,"maxInstances":null,"ingressSettings":null,"concurrency":null,"serviceAccountEmail":null,"vpc":null,"platform":"gcfv2","region":["us-central1"],"labels":{},"eventTrigger":{"eventType":"google.cloud.firestore.document.v1.deleted","eventFilters":{"database":"(default)","namespace":"(default)"},"eventFilterPathPatterns":{"document":"admins/{uid}"},"retry":false},"entryPoint":"onAdminDelete"},"onSubmissionCreate":{"availableMemoryMb":null,"timeoutSeconds":null,"minInstances":null,"maxInstances":null,"ingressSettings":null,"concurrency":null,"serviceAccountEmail":null,"vpc":null,"platform":"gcfv2","region":["us-central1"],"labels":{},"eventTrigger":{"eventType":"google.cloud.firestore.document.v1.created","eventFilters":{"database":"(default)","namespace":"(default)"},"eventFilterPathPatterns":{"document":"submissions/{submissionId}"},"retry":false},"entryPoint":"onSubmissionCreate"},"onSubmissionUpdate":{"availableMemoryMb":null,"timeoutSeconds":null,"minInstances":null,"maxInstances":null,"ingressSettings":null,"concurrency":null,"serviceAccountEmail":null,"vpc":null,"platform":"gcfv2","region":["us-central1"],"labels":{},"eventTrigger":{"eventType":"google.cloud.firestore.document.v1.updated","eventFilters":{"database":"(default)","namespace":"(default)"},"eventFilterPathPatterns":{"document":"submissions/{submissionId}"},"retry":false},"entryPoint":"onSubmissionUpdate"},"onSubmissionDelete":{"availableMemoryMb":null,"timeoutSeconds":null,"minInstances":null,"maxInstances":null,"ingressSettings":null,"concurrency":null,"serviceAccountEmail":null,"vpc":null,"platform":"gcfv2","region":["us-central1"],"labels":{},"eventTrigger":{"eventType":"google.cloud.firestore.document.v1.deleted","eventFilters":{"database":"(default)","namespace":"(default)"},"eventFilterPathPatterns":{"document":"submissions/{submissionId}"},"retry":false},"entryPoint":"onSubmissionDelete"},"onUserDelete":{"availableMemoryMb":null,"timeoutSeconds":null,"minInstances":null,"maxInstances":null,"ingressSettings":null,"concurrency":null,"serviceAccountEmail":null,"vpc":null,"platform":"gcfv2","region":["us-central1"],"labels":{},"eventTrigger":{"eventType":"google.cloud.firestore.document.v1.deleted","eventFilters":{"database":"(default)","namespace":"(default)"},"eventFilterPathPatterns":{"document":"users/{uid}"},"retry":false},"entryPoint":"onUserDelete"},"onQuizSubmissionCreate":{"availableMemoryMb":null,"timeoutSeconds":null,"minInstances":null,"maxInstances":null,"ingressSettings":null,"concurrency":null,"serviceAccountEmail":null,"vpc":null,"platform":"gcfv2","region":["us-central1"],"labels":{},"eventTrigger":{"eventType":"google.cloud.firestore.document.v1.created","eventFilters":{"database":"(default)","namespace":"(default)"},"eventFilterPathPatterns":{"document":"quizSubmissions/{submissionId}"},"retry":false},"entryPoint":"onQuizSubmissionCreate"},"onFormSubmissionCreate":{"availableMemoryMb":null,"timeoutSeconds":null,"minInstances":null,"maxInstances":null,"ingressSettings":null,"concurrency":null,"serviceAccountEmail":null,"vpc":null,"platform":"gcfv2","region":["us-central1"],"labels":{},"eventTrigger":{"eventType":"google.cloud.firestore.document.v1.created","eventFilters":{"database":"(default)","namespace":"(default)"},"eventFilterPathPatterns":{"document":"formSubmissions/{submissionId}"},"retry":false},"entryPoint":"onFormSubmissionCreate"},"onQuizCreate":{"availableMemoryMb":null,"timeoutSeconds":null,"minInstances":null,"maxInstances":null,"ingressSettings":null,"concurrency":null,"serviceAccountEmail":null,"vpc":null,"platform":"gcfv2","region":["us-central1"],"labels":{},"eventTrigger":{"eventType":"google.cloud.firestore.document.v1.created","eventFilters":{"database":"(default)","namespace":"(default)"},"eventFilterPathPatterns":{"document":"quizzes/{quizId}"},"retry":false},"entryPoint":"onQuizCreate"},"onQuizUpdate":{"availableMemoryMb":null,"timeoutSeconds":null,"minInstances":null,"maxInstances":null,"ingressSettings":null,"concurrency":null,"serviceAccountEmail":null,"vpc":null,"platform":"gcfv2","region":["us-central1"],"labels":{},"eventTrigger":{"eventType":"google.cloud.firestore.document.v1.updated","eventFilters":{"database":"(default)","namespace":"(default)"},"eventFilterPathPatterns":{"document":"quizzes/{quizId}"},"retry":false},"entryPoint":"onQuizUpdate"},"onQuizDelete":{"availableMemoryMb":null,"timeoutSeconds":null,"minInstances":null,"maxInstances":null,"ingressSettings":null,"concurrency":null,"serviceAccountEmail":null,"vpc":null,"platform":"gcfv2","region":["us-central1"],"labels":{},"eventTrigger":{"eventType":"google.cloud.firestore.document.v1.deleted","eventFilters":{"database":"(default)","namespace":"(default)"},"eventFilterPathPatterns":{"document":"quizzes/{quizId}"},"retry":false},"entryPoint":"onQuizDelete"},"onTaskCreate":{"availableMemoryMb":null,"timeoutSeconds":null,"minInstances":null,"maxInstances":null,"ingressSettings":null,"concurrency":null,"serviceAccountEmail":null,"vpc":null,"platform":"gcfv2","region":["us-central1"],"labels":{},"eventTrigger":{"eventType":"google.cloud.firestore.document.v1.created","eventFilters":{"database":"(default)","namespace":"(default)"},"eventFilterPathPatterns":{"document":"tasks/{taskId}"},"retry":false},"entryPoint":"onTaskCreate"},"onTaskUpdate":{"availableMemoryMb":null,"timeoutSeconds":null,"minInstances":null,"maxInstances":null,"ingressSettings":null,"concurrency":null,"serviceAccountEmail":null,"vpc":null,"platform":"gcfv2","region":["us-central1"],"labels":{},"eventTrigger":{"eventType":"google.cloud.firestore.document.v1.updated","eventFilters":{"database":"(default)","namespace":"(default)"},"eventFilterPathPatterns":{"document":"tasks/{taskId}"},"retry":false},"entryPoint":"onTaskUpdate"},"onTaskDelete":{"availableMemoryMb":null,"timeoutSeconds":null,"minInstances":null,"maxInstances":null,"ingressSettings":null,"concurrency":null,"serviceAccountEmail":null,"vpc":null,"platform":"gcfv2","region":["us-central1"],"labels":{},"eventTrigger":{"eventType":"google.cloud.firestore.document.v1.deleted","eventFilters":{"database":"(default)","namespace":"(default)"},"eventFilterPathPatterns":{"document":"tasks/{taskId}"},"retry":false},"entryPoint":"onTaskDelete"},"onFormCreate":{"availableMemoryMb":null,"timeoutSeconds":null,"minInstances":null,"maxInstances":null,"ingressSettings":null,"concurrency":null,"serviceAccountEmail":null,"vpc":null,"platform":"gcfv2","region":["us-central1"],"labels":{},"eventTrigger":{"eventType":"google.cloud.firestore.document.v1.created","eventFilters":{"database":"(default)","namespace":"(default)"},"eventFilterPathPatterns":{"document":"forms/{formId}"},"retry":false},"entryPoint":"onFormCreate"},"onFormUpdate":{"availableMemoryMb":null,"timeoutSeconds":null,"minInstances":null,"maxInstances":null,"ingressSettings":null,"concurrency":null,"serviceAccountEmail":null,"vpc":null,"platform":"gcfv2","region":["us-central1"],"labels":{},"eventTrigger":{"eventType":"google.cloud.firestore.document.v1.updated","eventFilters":{"database":"(default)","namespace":"(default)"},"eventFilterPathPatterns":{"document":"forms/{formId}"},"retry":false},"entryPoint":"onFormUpdate"},"onFormDelete":{"availableMemoryMb":null,"timeoutSeconds":null,"minInstances":null,"maxInstances":null,"ingressSettings":null,"concurrency":null,"serviceAccountEmail":null,"vpc":null,"platform":"gcfv2","region":["us-central1"],"labels":{},"eventTrigger":{"eventType":"google.cloud.firestore.document.v1.deleted","eventFilters":{"database":"(default)","namespace":"(default)"},"eventFilterPathPatterns":{"document":"forms/{formId}"},"retry":false},"entryPoint":"onFormDelete"},"sendEngagementNotifications":{"availableMemoryMb":null,"timeoutSeconds":null,"minInstances":null,"maxInstances":null,"ingressSettings":null,"concurrency":null,"serviceAccountEmail":null,"vpc":null,"platform":"gcfv2","region":["us-central1"],"labels":{},"scheduleTrigger":{"schedule":"0 10 * * *","retryConfig":{},"timeZone":"Asia/Kolkata"},"entryPoint":"sendEngagementNotifications"},"sendCustomEngagementNotifications":{"availableMemoryMb":null,"timeoutSeconds":null,"minInstances":null,"maxInstances":null,"ingressSettings":null,"concurrency":null,"serviceAccountEmail":null,"vpc":null,"platform":"gcfv2","region":["us-central1"],"labels":{},"httpsTrigger":{},"entryPoint":"sendCustomEngagementNotifications"},"syncAdmins":{"availableMemoryMb":null,"timeoutSeconds":null,"minInstances":null,"maxInstances":null,"ingressSettings":null,"concurrency":null,"serviceAccountEmail":null,"vpc":null,"platform":"gcfv2","region":["us-central1"],"labels":{},"httpsTrigger":{},"entryPoint":"syncAdmins"},"syncAdminsCallable":{"availableMemoryMb":null,"timeoutSeconds":null,"minInstances":null,"maxInstances":null,"ingressSettings":null,"concurrency":null,"serviceAccountEmail":null,"vpc":null,"platform":"gcfv2","region":["us-central1"],"labels":{},"callableTrigger":{},"entryPoint":"syncAdminsCallable"},"refreshUserActivityLists":{"availableMemoryMb":null,"timeoutSeconds":null,"minInstances":null,"maxInstances":null,"ingressSettings":null,"concurrency":null,"serviceAccountEmail":null,"vpc":null,"platform":"gcfv2","region":["us-central1"],"labels":{},"callableTrigger":{},"entryPoint":"refreshUserActivityLists"},"initializeCaches":{"availableMemoryMb":512,"timeoutSeconds":540,"minInstances":null,"maxInstances":null,"ingressSettings":null,"concurrency":null,"serviceAccountEmail":null,"vpc":null,"platform":"gcfv2","region":["us-central1"],"labels":{},"callableTrigger":{},"entryPoint":"initializeCaches"},"migrateToEnhancedStructure":{"availableMemoryMb":null,"timeoutSeconds":null,"minInstances":null,"maxInstances":null,"ingressSettings":null,"concurrency":null,"serviceAccountEmail":null,"vpc":null,"platform":"gcfv2","region":["us-central1"],"labels":{},"callableTrigger":{},"entryPoint":"migrateToEnhancedStructure"},"initializeStatsTotals":{"availableMemoryMb":512,"timeoutSeconds":540,"minInstances":null,"maxInstances":null,"ingressSettings":null,"concurrency":null,"serviceAccountEmail":null,"vpc":null,"platform":"gcfv2","region":["us-central1"],"labels":{},"callableTrigger":{},"entryPoint":"initializeStatsTotals"},"backfillSubmissionTitles":{"availableMemoryMb":512,"timeoutSeconds":540,"minInstances":null,"maxInstances":null,"ingressSettings":null,"concurrency":null,"serviceAccountEmail":null,"vpc":null,"platform":"gcfv2","region":["us-central1"],"labels":{},"callableTrigger":{},"entryPoint":"backfillSubmissionTitles"}},"specVersion":"v1alpha1","requiredAPIs":[{"api":"cloudscheduler.googleapis.com","reason":"Needed for scheduled functions."}]}
